# JRE version: OpenJDK Runtime Environment Temurin-21.0.8+9 (21.0.8+9) (build 21.0.8+9-LTS)
# Java VM: OpenJDK 64-Bit Server VM Temurin-21.0.8+9 (21.0.8+9-LTS, mixed mode, sharing, tiered, compressed oops, compressed class ptrs, parallel gc, windows-amd64)
GC Precious Log:
 CardTable entry size: 512
 CPUs: 8 total, 8 available
 Memory: 8025M
 Large Page Support: Disabled
 NUMA Support: Disabled
 Compressed Oops: Enabled (32-bit)
 Alignments: Space 512K, Generation 512K, Heap 2M
 Heap Min Capacity: 100M
 Heap Initial Capacity: 100M
 Heap Max Capacity: 2G
 Pre-touch: Disabled
 Parallel Workers: 8
Heap:
 PSYoungGen      total 12800K, used 11213K [0x00000000d5580000, 0x00000000d6380000, 0x0000000100000000)
  eden space 11776K, 92% used [0x00000000d5580000,0x00000000d602b4c8,0x00000000d6100000)
  from space 1024K, 28% used [0x00000000d6180000,0x00000000d61c8000,0x00000000d6280000)
  to   space 512K, 0% used [0x00000000d6300000,0x00000000d6300000,0x00000000d6380000)
 ParOldGen       total 72704K, used 72476K [0x0000000080000000, 0x0000000084700000, 0x00000000d5580000)
  object space 72704K, 99% used [0x0000000080000000,0x00000000846c7110,0x0000000084700000)
 Metaspace       used 57963K, committed 59264K, reserved 1114112K
  class space    used 6250K, committed 6848K, reserved 1048576K
GC Heap History (20 events):
Event: 34.250 GC heap before
{Heap before GC invocations=68 (full 2):
 PSYoungGen      total 13312K, used 13252K [0x00000000d5580000, 0x00000000d6480000, 0x0000000100000000)
  eden space 12800K, 100% used [0x00000000d5580000,0x00000000d6200000,0x00000000d6200000)
  from space 512K, 88% used [0x00000000d6380000,0x00000000d63f10c0,0x00000000d6400000)
  to   space 512K, 0% used [0x00000000d6400000,0x00000000d6400000,0x00000000d6480000)
 ParOldGen       total 69120K, used 68839K [0x0000000080000000, 0x0000000084380000, 0x00000000d5580000)
  object space 69120K, 99% used [0x0000000080000000,0x0000000084339db8,0x0000000084380000)
 Metaspace       used 57618K, committed 58944K, reserved 1114112K
  class space    used 6218K, committed 6848K, reserved 1048576K
}
Event: 34.251 GC heap after
{Heap after GC invocations=68 (full 2):
 PSYoungGen      total 13312K, used 357K [0x00000000d5580000, 0x00000000d6480000, 0x0000000100000000)
  eden space 12800K, 0% used [0x00000000d5580000,0x00000000d5580000,0x00000000d6200000)
  from space 512K, 69% used [0x00000000d6400000,0x00000000d6459758,0x00000000d6480000)
  to   space 512K, 0% used [0x00000000d6380000,0x00000000d6380000,0x00000000d6400000)
 ParOldGen       total 69120K, used 68895K [0x0000000080000000, 0x0000000084380000, 0x00000000d5580000)
  object space 69120K, 99% used [0x0000000080000000,0x0000000084347db8,0x0000000084380000)
 Metaspace       used 57618K, committed 58944K, reserved 1114112K
  class space    used 6218K, committed 6848K, reserved 1048576K
}
Event: 34.273 GC heap before
{Heap before GC invocations=69 (full 2):
 PSYoungGen      total 13312K, used 13157K [0x00000000d5580000, 0x00000000d6480000, 0x0000000100000000)
  eden space 12800K, 100% used [0x00000000d5580000,0x00000000d6200000,0x00000000d6200000)
  from space 512K, 69% used [0x00000000d6400000,0x00000000d6459758,0x00000000d6480000)
  to   space 512K, 0% used [0x00000000d6380000,0x00000000d6380000,0x00000000d6400000)
 ParOldGen       total 69120K, used 68895K [0x0000000080000000, 0x0000000084380000, 0x00000000d5580000)
  object space 69120K, 99% used [0x0000000080000000,0x0000000084347db8,0x0000000084380000)
 Metaspace       used 57637K, committed 59008K, reserved 1114112K
  class space    used 6221K, committed 6848K, reserved 1048576K
}
Event: 34.274 GC heap after
{Heap after GC invocations=69 (full 2):
 PSYoungGen      total 13312K, used 394K [0x00000000d5580000, 0x00000000d6480000, 0x0000000100000000)
  eden space 12800K, 0% used [0x00000000d5580000,0x00000000d5580000,0x00000000d6200000)
  from space 512K, 77% used [0x00000000d6380000,0x00000000d63e2930,0x00000000d6400000)
  to   space 512K, 0% used [0x00000000d6400000,0x00000000d6400000,0x00000000d6480000)
 ParOldGen       total 69120K, used 68967K [0x0000000080000000, 0x0000000084380000, 0x00000000d5580000)
  object space 69120K, 99% used [0x0000000080000000,0x0000000084359db8,0x0000000084380000)
 Metaspace       used 57637K, committed 59008K, reserved 1114112K
  class space    used 6221K, committed 6848K, reserved 1048576K
}
Event: 34.301 GC heap before
{Heap before GC invocations=70 (full 2):
 PSYoungGen      total 13312K, used 13194K [0x00000000d5580000, 0x00000000d6480000, 0x0000000100000000)
  eden space 12800K, 100% used [0x00000000d5580000,0x00000000d6200000,0x00000000d6200000)
  from space 512K, 77% used [0x00000000d6380000,0x00000000d63e2930,0x00000000d6400000)
  to   space 512K, 0% used [0x00000000d6400000,0x00000000d6400000,0x00000000d6480000)
 ParOldGen       total 69120K, used 68967K [0x0000000080000000, 0x0000000084380000, 0x00000000d5580000)
  object space 69120K, 99% used [0x0000000080000000,0x0000000084359db8,0x0000000084380000)
 Metaspace       used 57643K, committed 59008K, reserved 1114112K
  class space    used 6221K, committed 6848K, reserved 1048576K
}
Event: 34.302 GC heap after
{Heap after GC invocations=70 (full 2):
 PSYoungGen      total 13312K, used 256K [0x00000000d5580000, 0x00000000d6480000, 0x0000000100000000)
  eden space 12800K, 0% used [0x00000000d5580000,0x00000000d5580000,0x00000000d6200000)
  from space 512K, 50% used [0x00000000d6400000,0x00000000d6440000,0x00000000d6480000)
  to   space 512K, 0% used [0x00000000d6380000,0x00000000d6380000,0x00000000d6400000)
 ParOldGen       total 69120K, used 69031K [0x0000000080000000, 0x0000000084380000, 0x00000000d5580000)
  object space 69120K, 99% used [0x0000000080000000,0x0000000084369db8,0x0000000084380000)
 Metaspace       used 57643K, committed 59008K, reserved 1114112K
  class space    used 6221K, committed 6848K, reserved 1048576K
}
Event: 34.338 GC heap before
{Heap before GC invocations=71 (full 2):
 PSYoungGen      total 13312K, used 13056K [0x00000000d5580000, 0x00000000d6480000, 0x0000000100000000)
  eden space 12800K, 100% used [0x00000000d5580000,0x00000000d6200000,0x00000000d6200000)
  from space 512K, 50% used [0x00000000d6400000,0x00000000d6440000,0x00000000d6480000)
  to   space 512K, 0% used [0x00000000d6380000,0x00000000d6380000,0x00000000d6400000)
 ParOldGen       total 69120K, used 69031K [0x0000000080000000, 0x0000000084380000, 0x00000000d5580000)
  object space 69120K, 99% used [0x0000000080000000,0x0000000084369db8,0x0000000084380000)
 Metaspace       used 57663K, committed 59008K, reserved 1114112K
  class space    used 6224K, committed 6848K, reserved 1048576K
}
Event: 34.339 GC heap after
{Heap after GC invocations=71 (full 2):
 PSYoungGen      total 13312K, used 386K [0x00000000d5580000, 0x00000000d6480000, 0x0000000100000000)
  eden space 12800K, 0% used [0x00000000d5580000,0x00000000d5580000,0x00000000d6200000)
  from space 512K, 75% used [0x00000000d6380000,0x00000000d63e0ac0,0x00000000d6400000)
  to   space 512K, 0% used [0x00000000d6400000,0x00000000d6400000,0x00000000d6480000)
 ParOldGen       total 69120K, used 69095K [0x0000000080000000, 0x0000000084380000, 0x00000000d5580000)
  object space 69120K, 99% used [0x0000000080000000,0x0000000084379db8,0x0000000084380000)
 Metaspace       used 57663K, committed 59008K, reserved 1114112K
  class space    used 6224K, committed 6848K, reserved 1048576K
}
Event: 34.365 GC heap before
{Heap before GC invocations=72 (full 2):
 PSYoungGen      total 13312K, used 13186K [0x00000000d5580000, 0x00000000d6480000, 0x0000000100000000)
  eden space 12800K, 100% used [0x00000000d5580000,0x00000000d6200000,0x00000000d6200000)
  from space 512K, 75% used [0x00000000d6380000,0x00000000d63e0ac0,0x00000000d6400000)
  to   space 512K, 0% used [0x00000000d6400000,0x00000000d6400000,0x00000000d6480000)
 ParOldGen       total 69120K, used 69095K [0x0000000080000000, 0x0000000084380000, 0x00000000d5580000)
  object space 69120K, 99% used [0x0000000080000000,0x0000000084379db8,0x0000000084380000)
 Metaspace       used 57663K, committed 59008K, reserved 1114112K
  class space    used 6224K, committed 6848K, reserved 1048576K
}
Event: 34.366 GC heap after
{Heap after GC invocations=72 (full 2):
 PSYoungGen      total 13312K, used 318K [0x00000000d5580000, 0x00000000d6480000, 0x0000000100000000)
  eden space 12800K, 0% used [0x00000000d5580000,0x00000000d5580000,0x00000000d6200000)
  from space 512K, 62% used [0x00000000d6400000,0x00000000d644f900,0x00000000d6480000)
  to   space 512K, 0% used [0x00000000d6380000,0x00000000d6380000,0x00000000d6400000)
 ParOldGen       total 69632K, used 69199K [0x0000000080000000, 0x0000000084400000, 0x00000000d5580000)
  object space 69632K, 99% used [0x0000000080000000,0x0000000084393db8,0x0000000084400000)
 Metaspace       used 57663K, committed 59008K, reserved 1114112K
  class space    used 6224K, committed 6848K, reserved 1048576K
}
Event: 34.414 GC heap before
{Heap before GC invocations=73 (full 2):
 PSYoungGen      total 13312K, used 12847K [0x00000000d5580000, 0x00000000d6480000, 0x0000000100000000)
  eden space 12800K, 97% used [0x00000000d5580000,0x00000000d61bc648,0x00000000d6200000)
  from space 512K, 62% used [0x00000000d6400000,0x00000000d644f900,0x00000000d6480000)
  to   space 512K, 0% used [0x00000000d6380000,0x00000000d6380000,0x00000000d6400000)
 ParOldGen       total 69632K, used 69199K [0x0000000080000000, 0x0000000084400000, 0x00000000d5580000)
  object space 69632K, 99% used [0x0000000080000000,0x0000000084393db8,0x0000000084400000)
 Metaspace       used 57772K, committed 59136K, reserved 1114112K
  class space    used 6236K, committed 6848K, reserved 1048576K
}
Event: 34.415 GC heap after
{Heap after GC invocations=73 (full 2):
 PSYoungGen      total 13312K, used 276K [0x00000000d5580000, 0x00000000d6480000, 0x0000000100000000)
  eden space 12800K, 0% used [0x00000000d5580000,0x00000000d5580000,0x00000000d6200000)
  from space 512K, 54% used [0x00000000d6380000,0x00000000d63c5200,0x00000000d6400000)
  to   space 512K, 0% used [0x00000000d6400000,0x00000000d6400000,0x00000000d6480000)
 ParOldGen       total 69632K, used 69263K [0x0000000080000000, 0x0000000084400000, 0x00000000d5580000)
  object space 69632K, 99% used [0x0000000080000000,0x00000000843a3db8,0x0000000084400000)
 Metaspace       used 57772K, committed 59136K, reserved 1114112K
  class space    used 6236K, committed 6848K, reserved 1048576K
}
Event: 34.433 GC heap before
{Heap before GC invocations=74 (full 2):
 PSYoungGen      total 13312K, used 13076K [0x00000000d5580000, 0x00000000d6480000, 0x0000000100000000)
  eden space 12800K, 100% used [0x00000000d5580000,0x00000000d6200000,0x00000000d6200000)
  from space 512K, 54% used [0x00000000d6380000,0x00000000d63c5200,0x00000000d6400000)
  to   space 512K, 0% used [0x00000000d6400000,0x00000000d6400000,0x00000000d6480000)
 ParOldGen       total 69632K, used 69263K [0x0000000080000000, 0x0000000084400000, 0x00000000d5580000)
  object space 69632K, 99% used [0x0000000080000000,0x00000000843a3db8,0x0000000084400000)
 Metaspace       used 57772K, committed 59136K, reserved 1114112K
  class space    used 6236K, committed 6848K, reserved 1048576K
}
Event: 34.435 GC heap after
{Heap after GC invocations=74 (full 2):
 PSYoungGen      total 12288K, used 487K [0x00000000d5580000, 0x00000000d6800000, 0x0000000100000000)
  eden space 11776K, 0% used [0x00000000d5580000,0x00000000d5580000,0x00000000d6100000)
  from space 512K, 95% used [0x00000000d6400000,0x00000000d6479c68,0x00000000d6480000)
  to   space 3072K, 0% used [0x00000000d6100000,0x00000000d6100000,0x00000000d6400000)
 ParOldGen       total 71680K, used 71324K [0x0000000080000000, 0x0000000084600000, 0x00000000d5580000)
  object space 71680K, 99% used [0x0000000080000000,0x00000000845a71c8,0x0000000084600000)
 Metaspace       used 57772K, committed 59136K, reserved 1114112K
  class space    used 6236K, committed 6848K, reserved 1048576K
}
Event: 34.451 GC heap before
{Heap before GC invocations=75 (full 2):
 PSYoungGen      total 12288K, used 12263K [0x00000000d5580000, 0x00000000d6800000, 0x0000000100000000)
  eden space 11776K, 100% used [0x00000000d5580000,0x00000000d6100000,0x00000000d6100000)
  from space 512K, 95% used [0x00000000d6400000,0x00000000d6479c68,0x00000000d6480000)
  to   space 3072K, 0% used [0x00000000d6100000,0x00000000d6100000,0x00000000d6400000)
 ParOldGen       total 71680K, used 71324K [0x0000000080000000, 0x0000000084600000, 0x00000000d5580000)
  object space 71680K, 99% used [0x0000000080000000,0x00000000845a71c8,0x0000000084600000)
 Metaspace       used 57772K, committed 59136K, reserved 1114112K
  class space    used 6236K, committed 6848K, reserved 1048576K
}
Event: 34.452 GC heap after
{Heap after GC invocations=75 (full 2):
 PSYoungGen      total 12800K, used 608K [0x00000000d5580000, 0x00000000d6480000, 0x0000000100000000)
  eden space 11776K, 0% used [0x00000000d5580000,0x00000000d5580000,0x00000000d6100000)
  from space 1024K, 59% used [0x00000000d6100000,0x00000000d6198000,0x00000000d6200000)
  to   space 1536K, 0% used [0x00000000d6300000,0x00000000d6300000,0x00000000d6480000)
 ParOldGen       total 72192K, used 71839K [0x0000000080000000, 0x0000000084680000, 0x00000000d5580000)
  object space 72192K, 99% used [0x0000000080000000,0x0000000084627db8,0x0000000084680000)
 Metaspace       used 57772K, committed 59136K, reserved 1114112K
  class space    used 6236K, committed 6848K, reserved 1048576K
}
Event: 34.480 GC heap before
{Heap before GC invocations=76 (full 2):
 PSYoungGen      total 12800K, used 12384K [0x00000000d5580000, 0x00000000d6480000, 0x0000000100000000)
  eden space 11776K, 100% used [0x00000000d5580000,0x00000000d6100000,0x00000000d6100000)
  from space 1024K, 59% used [0x00000000d6100000,0x00000000d6198000,0x00000000d6200000)
  to   space 1536K, 0% used [0x00000000d6300000,0x00000000d6300000,0x00000000d6480000)
 ParOldGen       total 72192K, used 71839K [0x0000000080000000, 0x0000000084680000, 0x00000000d5580000)
  object space 72192K, 99% used [0x0000000080000000,0x0000000084627db8,0x0000000084680000)
 Metaspace       used 57773K, committed 59136K, reserved 1114112K
  class space    used 6236K, committed 6848K, reserved 1048576K
}
Event: 34.481 GC heap after
{Heap after GC invocations=76 (full 2):
 PSYoungGen      total 12288K, used 484K [0x00000000d5580000, 0x00000000d6380000, 0x0000000100000000)
  eden space 11776K, 0% used [0x00000000d5580000,0x00000000d5580000,0x00000000d6100000)
  from space 512K, 94% used [0x00000000d6300000,0x00000000d63791f8,0x00000000d6380000)
  to   space 1024K, 0% used [0x00000000d6180000,0x00000000d6180000,0x00000000d6280000)
 ParOldGen       total 72704K, used 72268K [0x0000000080000000, 0x0000000084700000, 0x00000000d5580000)
  object space 72704K, 99% used [0x0000000080000000,0x0000000084693110,0x0000000084700000)
 Metaspace       used 57773K, committed 59136K, reserved 1114112K
  class space    used 6236K, committed 6848K, reserved 1048576K
}
Event: 34.508 GC heap before
{Heap before GC invocations=77 (full 2):
 PSYoungGen      total 12288K, used 12260K [0x00000000d5580000, 0x00000000d6380000, 0x0000000100000000)
  eden space 11776K, 100% used [0x00000000d5580000,0x00000000d6100000,0x00000000d6100000)
  from space 512K, 94% used [0x00000000d6300000,0x00000000d63791f8,0x00000000d6380000)
  to   space 1024K, 0% used [0x00000000d6180000,0x00000000d6180000,0x00000000d6280000)
 ParOldGen       total 72704K, used 72268K [0x0000000080000000, 0x0000000084700000, 0x00000000d5580000)
  object space 72704K, 99% used [0x0000000080000000,0x0000000084693110,0x0000000084700000)
 Metaspace       used 57776K, committed 59136K, reserved 1114112K
  class space    used 6236K, committed 6848K, reserved 1048576K
}
Event: 34.509 GC heap after
{Heap after GC invocations=77 (full 2):
 PSYoungGen      total 12800K, used 288K [0x00000000d5580000, 0x00000000d6380000, 0x0000000100000000)
  eden space 11776K, 0% used [0x00000000d5580000,0x00000000d5580000,0x00000000d6100000)
  from space 1024K, 28% used [0x00000000d6180000,0x00000000d61c8000,0x00000000d6280000)
  to   space 512K, 0% used [0x00000000d6300000,0x00000000d6300000,0x00000000d6380000)
 ParOldGen       total 72704K, used 72476K [0x0000000080000000, 0x0000000084700000, 0x00000000d5580000)
  object space 72704K, 99% used [0x0000000080000000,0x00000000846c7110,0x0000000084700000)
 Metaspace       used 57776K, committed 59136K, reserved 1114112K
  class space    used 6236K, committed 6848K, reserved 1048576K
}

