# JRE version: OpenJDK Runtime Environment Temurin-21.0.8+9 (21.0.8+9) (build 21.0.8+9-LTS)
# Java VM: OpenJDK 64-Bit Server VM Temurin-21.0.8+9 (21.0.8+9-LTS, mixed mode, sharing, tiered, compressed oops, compressed class ptrs, parallel gc, windows-amd64)
GC Precious Log:
 CardTable entry size: 512
 CPUs: 8 total, 8 available
 Memory: 8025M
 Large Page Support: Disabled
 NUMA Support: Disabled
 Compressed Oops: Enabled (32-bit)
 Alignments: Space 512K, Generation 512K, Heap 2M
 Heap Min Capacity: 100M
 Heap Initial Capacity: 100M
 Heap Max Capacity: 2G
 Pre-touch: Disabled
 Parallel Workers: 8
Heap:
 PSYoungGen      total 13824K, used 13493K [0x00000000d5580000, 0x00000000d6400000, 0x0000000100000000)
  eden space 12800K, 97% used [0x00000000d5580000,0x00000000d61bf320,0x00000000d6200000)
  from space 1024K, 93% used [0x00000000d6300000,0x00000000d63ee1f0,0x00000000d6400000)
  to   space 1024K, 0% used [0x00000000d6200000,0x00000000d6200000,0x00000000d6300000)
 ParOldGen       total 94720K, used 94453K [0x0000000080000000, 0x0000000085c80000, 0x00000000d5580000)
  object space 94720K, 99% used [0x0000000080000000,0x0000000085c3d590,0x0000000085c80000)
 Metaspace       used 63692K, committed 65216K, reserved 1114112K
  class space    used 6920K, committed 7552K, reserved 1048576K
GC Heap History (20 events):
Event: 342244.787 GC heap before
{Heap before GC invocations=70 (full 3):
 PSYoungGen      total 13824K, used 13760K [0x00000000d5580000, 0x00000000d6500000, 0x0000000100000000)
  eden space 13312K, 100% used [0x00000000d5580000,0x00000000d6280000,0x00000000d6280000)
  from space 512K, 87% used [0x00000000d6480000,0x00000000d64f0000,0x00000000d6500000)
  to   space 512K, 0% used [0x00000000d6280000,0x00000000d6280000,0x00000000d6300000)
 ParOldGen       total 89088K, used 86782K [0x0000000080000000, 0x0000000085700000, 0x00000000d5580000)
  object space 89088K, 97% used [0x0000000080000000,0x00000000854bf9c8,0x0000000085700000)
 Metaspace       used 63193K, committed 64704K, reserved 1114112K
  class space    used 6853K, committed 7488K, reserved 1048576K
}
Event: 342244.789 GC heap after
{Heap after GC invocations=70 (full 3):
 PSYoungGen      total 13824K, used 497K [0x00000000d5580000, 0x00000000d6580000, 0x0000000100000000)
  eden space 13312K, 0% used [0x00000000d5580000,0x00000000d5580000,0x00000000d6280000)
  from space 512K, 97% used [0x00000000d6280000,0x00000000d62fc400,0x00000000d6300000)
  to   space 1536K, 0% used [0x00000000d6400000,0x00000000d6400000,0x00000000d6580000)
 ParOldGen       total 89088K, used 87246K [0x0000000080000000, 0x0000000085700000, 0x00000000d5580000)
  object space 89088K, 97% used [0x0000000080000000,0x00000000855339c8,0x0000000085700000)
 Metaspace       used 63193K, committed 64704K, reserved 1114112K
  class space    used 6853K, committed 7488K, reserved 1048576K
}
Event: 342246.044 GC heap before
{Heap before GC invocations=71 (full 3):
 PSYoungGen      total 13824K, used 13809K [0x00000000d5580000, 0x00000000d6580000, 0x0000000100000000)
  eden space 13312K, 100% used [0x00000000d5580000,0x00000000d6280000,0x00000000d6280000)
  from space 512K, 97% used [0x00000000d6280000,0x00000000d62fc400,0x00000000d6300000)
  to   space 1536K, 0% used [0x00000000d6400000,0x00000000d6400000,0x00000000d6580000)
 ParOldGen       total 89088K, used 87246K [0x0000000080000000, 0x0000000085700000, 0x00000000d5580000)
  object space 89088K, 97% used [0x0000000080000000,0x00000000855339c8,0x0000000085700000)
 Metaspace       used 63197K, committed 64704K, reserved 1114112K
  class space    used 6853K, committed 7488K, reserved 1048576K
}
Event: 342246.055 GC heap after
{Heap after GC invocations=71 (full 3):
 PSYoungGen      total 14336K, used 1467K [0x00000000d5580000, 0x00000000d6680000, 0x0000000100000000)
  eden space 12800K, 0% used [0x00000000d5580000,0x00000000d5580000,0x00000000d6200000)
  from space 1536K, 95% used [0x00000000d6400000,0x00000000d656eea0,0x00000000d6580000)
  to   space 2048K, 0% used [0x00000000d6200000,0x00000000d6200000,0x00000000d6400000)
 ParOldGen       total 89088K, used 87848K [0x0000000080000000, 0x0000000085700000, 0x00000000d5580000)
  object space 89088K, 98% used [0x0000000080000000,0x00000000855ca000,0x0000000085700000)
 Metaspace       used 63197K, committed 64704K, reserved 1114112K
  class space    used 6853K, committed 7488K, reserved 1048576K
}
Event: 342246.222 GC heap before
{Heap before GC invocations=72 (full 3):
 PSYoungGen      total 14336K, used 14267K [0x00000000d5580000, 0x00000000d6680000, 0x0000000100000000)
  eden space 12800K, 100% used [0x00000000d5580000,0x00000000d6200000,0x00000000d6200000)
  from space 1536K, 95% used [0x00000000d6400000,0x00000000d656eea0,0x00000000d6580000)
  to   space 2048K, 0% used [0x00000000d6200000,0x00000000d6200000,0x00000000d6400000)
 ParOldGen       total 89088K, used 87848K [0x0000000080000000, 0x0000000085700000, 0x00000000d5580000)
  object space 89088K, 98% used [0x0000000080000000,0x00000000855ca000,0x0000000085700000)
 Metaspace       used 63201K, committed 64704K, reserved 1114112K
  class space    used 6853K, committed 7488K, reserved 1048576K
}
Event: 342246.224 GC heap after
{Heap after GC invocations=72 (full 3):
 PSYoungGen      total 13824K, used 703K [0x00000000d5580000, 0x00000000d6480000, 0x0000000100000000)
  eden space 12800K, 0% used [0x00000000d5580000,0x00000000d5580000,0x00000000d6200000)
  from space 1024K, 68% used [0x00000000d6200000,0x00000000d62afde8,0x00000000d6300000)
  to   space 1024K, 0% used [0x00000000d6380000,0x00000000d6380000,0x00000000d6480000)
 ParOldGen       total 90112K, used 89191K [0x0000000080000000, 0x0000000085800000, 0x00000000d5580000)
  object space 90112K, 98% used [0x0000000080000000,0x0000000085719cc0,0x0000000085800000)
 Metaspace       used 63201K, committed 64704K, reserved 1114112K
  class space    used 6853K, committed 7488K, reserved 1048576K
}
Event: 342248.429 GC heap before
{Heap before GC invocations=73 (full 3):
 PSYoungGen      total 13824K, used 13503K [0x00000000d5580000, 0x00000000d6480000, 0x0000000100000000)
  eden space 12800K, 100% used [0x00000000d5580000,0x00000000d6200000,0x00000000d6200000)
  from space 1024K, 68% used [0x00000000d6200000,0x00000000d62afde8,0x00000000d6300000)
  to   space 1024K, 0% used [0x00000000d6380000,0x00000000d6380000,0x00000000d6480000)
 ParOldGen       total 90112K, used 89191K [0x0000000080000000, 0x0000000085800000, 0x00000000d5580000)
  object space 90112K, 98% used [0x0000000080000000,0x0000000085719cc0,0x0000000085800000)
 Metaspace       used 63209K, committed 64704K, reserved 1114112K
  class space    used 6853K, committed 7488K, reserved 1048576K
}
Event: 342248.433 GC heap after
{Heap after GC invocations=73 (full 3):
 PSYoungGen      total 13824K, used 1017K [0x00000000d5580000, 0x00000000d6500000, 0x0000000100000000)
  eden space 12800K, 0% used [0x00000000d5580000,0x00000000d5580000,0x00000000d6200000)
  from space 1024K, 99% used [0x00000000d6380000,0x00000000d647e688,0x00000000d6480000)
  to   space 1536K, 0% used [0x00000000d6200000,0x00000000d6200000,0x00000000d6380000)
 ParOldGen       total 90112K, used 89795K [0x0000000080000000, 0x0000000085800000, 0x00000000d5580000)
  object space 90112K, 99% used [0x0000000080000000,0x00000000857b0d78,0x0000000085800000)
 Metaspace       used 63209K, committed 64704K, reserved 1114112K
  class space    used 6853K, committed 7488K, reserved 1048576K
}
Event: 342248.629 GC heap before
{Heap before GC invocations=74 (full 3):
 PSYoungGen      total 13824K, used 13817K [0x00000000d5580000, 0x00000000d6500000, 0x0000000100000000)
  eden space 12800K, 100% used [0x00000000d5580000,0x00000000d6200000,0x00000000d6200000)
  from space 1024K, 99% used [0x00000000d6380000,0x00000000d647e688,0x00000000d6480000)
  to   space 1536K, 0% used [0x00000000d6200000,0x00000000d6200000,0x00000000d6380000)
 ParOldGen       total 90112K, used 89795K [0x0000000080000000, 0x0000000085800000, 0x00000000d5580000)
  object space 90112K, 99% used [0x0000000080000000,0x00000000857b0d78,0x0000000085800000)
 Metaspace       used 63210K, committed 64704K, reserved 1114112K
  class space    used 6853K, committed 7488K, reserved 1048576K
}
Event: 342248.631 GC heap after
{Heap after GC invocations=74 (full 3):
 PSYoungGen      total 13824K, used 678K [0x00000000d5580000, 0x00000000d6400000, 0x0000000100000000)
  eden space 12800K, 0% used [0x00000000d5580000,0x00000000d5580000,0x00000000d6200000)
  from space 1024K, 66% used [0x00000000d6200000,0x00000000d62a9988,0x00000000d6300000)
  to   space 1024K, 0% used [0x00000000d6300000,0x00000000d6300000,0x00000000d6400000)
 ParOldGen       total 91136K, used 90703K [0x0000000080000000, 0x0000000085900000, 0x00000000d5580000)
  object space 91136K, 99% used [0x0000000080000000,0x0000000085893e08,0x0000000085900000)
 Metaspace       used 63210K, committed 64704K, reserved 1114112K
  class space    used 6853K, committed 7488K, reserved 1048576K
}
Event: 342249.615 GC heap before
{Heap before GC invocations=75 (full 3):
 PSYoungGen      total 13824K, used 13478K [0x00000000d5580000, 0x00000000d6400000, 0x0000000100000000)
  eden space 12800K, 100% used [0x00000000d5580000,0x00000000d6200000,0x00000000d6200000)
  from space 1024K, 66% used [0x00000000d6200000,0x00000000d62a9988,0x00000000d6300000)
  to   space 1024K, 0% used [0x00000000d6300000,0x00000000d6300000,0x00000000d6400000)
 ParOldGen       total 91136K, used 90703K [0x0000000080000000, 0x0000000085900000, 0x00000000d5580000)
  object space 91136K, 99% used [0x0000000080000000,0x0000000085893e08,0x0000000085900000)
 Metaspace       used 63216K, committed 64704K, reserved 1114112K
  class space    used 6853K, committed 7488K, reserved 1048576K
}
Event: 342249.617 GC heap after
{Heap after GC invocations=75 (full 3):
 PSYoungGen      total 13824K, used 672K [0x00000000d5580000, 0x00000000d6400000, 0x0000000100000000)
  eden space 12800K, 0% used [0x00000000d5580000,0x00000000d5580000,0x00000000d6200000)
  from space 1024K, 65% used [0x00000000d6300000,0x00000000d63a80a8,0x00000000d6400000)
  to   space 1024K, 0% used [0x00000000d6200000,0x00000000d6200000,0x00000000d6300000)
 ParOldGen       total 91648K, used 91203K [0x0000000080000000, 0x0000000085980000, 0x00000000d5580000)
  object space 91648K, 99% used [0x0000000080000000,0x0000000085910c48,0x0000000085980000)
 Metaspace       used 63216K, committed 64704K, reserved 1114112K
  class space    used 6853K, committed 7488K, reserved 1048576K
}
Event: 342249.910 GC heap before
{Heap before GC invocations=76 (full 3):
 PSYoungGen      total 13824K, used 13472K [0x00000000d5580000, 0x00000000d6400000, 0x0000000100000000)
  eden space 12800K, 100% used [0x00000000d5580000,0x00000000d6200000,0x00000000d6200000)
  from space 1024K, 65% used [0x00000000d6300000,0x00000000d63a80a8,0x00000000d6400000)
  to   space 1024K, 0% used [0x00000000d6200000,0x00000000d6200000,0x00000000d6300000)
 ParOldGen       total 91648K, used 91203K [0x0000000080000000, 0x0000000085980000, 0x00000000d5580000)
  object space 91648K, 99% used [0x0000000080000000,0x0000000085910c48,0x0000000085980000)
 Metaspace       used 63224K, committed 64704K, reserved 1114112K
  class space    used 6853K, committed 7488K, reserved 1048576K
}
Event: 342249.912 GC heap after
{Heap after GC invocations=76 (full 3):
 PSYoungGen      total 13824K, used 803K [0x00000000d5580000, 0x00000000d6400000, 0x0000000100000000)
  eden space 12800K, 0% used [0x00000000d5580000,0x00000000d5580000,0x00000000d6200000)
  from space 1024K, 78% used [0x00000000d6200000,0x00000000d62c8c38,0x00000000d6300000)
  to   space 1024K, 0% used [0x00000000d6300000,0x00000000d6300000,0x00000000d6400000)
 ParOldGen       total 92160K, used 91723K [0x0000000080000000, 0x0000000085a00000, 0x00000000d5580000)
  object space 92160K, 99% used [0x0000000080000000,0x0000000085992c18,0x0000000085a00000)
 Metaspace       used 63224K, committed 64704K, reserved 1114112K
  class space    used 6853K, committed 7488K, reserved 1048576K
}
Event: 342251.411 GC heap before
{Heap before GC invocations=77 (full 3):
 PSYoungGen      total 13824K, used 13415K [0x00000000d5580000, 0x00000000d6400000, 0x0000000100000000)
  eden space 12800K, 98% used [0x00000000d5580000,0x00000000d61d1390,0x00000000d6200000)
  from space 1024K, 78% used [0x00000000d6200000,0x00000000d62c8c38,0x00000000d6300000)
  to   space 1024K, 0% used [0x00000000d6300000,0x00000000d6300000,0x00000000d6400000)
 ParOldGen       total 92160K, used 91723K [0x0000000080000000, 0x0000000085a00000, 0x00000000d5580000)
  object space 92160K, 99% used [0x0000000080000000,0x0000000085992c18,0x0000000085a00000)
 Metaspace       used 63227K, committed 64704K, reserved 1114112K
  class space    used 6853K, committed 7488K, reserved 1048576K
}
Event: 342251.412 GC heap after
{Heap after GC invocations=77 (full 3):
 PSYoungGen      total 13824K, used 862K [0x00000000d5580000, 0x00000000d6400000, 0x0000000100000000)
  eden space 12800K, 0% used [0x00000000d5580000,0x00000000d5580000,0x00000000d6200000)
  from space 1024K, 84% used [0x00000000d6300000,0x00000000d63d79e0,0x00000000d6400000)
  to   space 1024K, 0% used [0x00000000d6200000,0x00000000d6200000,0x00000000d6300000)
 ParOldGen       total 92672K, used 92371K [0x0000000080000000, 0x0000000085a80000, 0x00000000d5580000)
  object space 92672K, 99% used [0x0000000080000000,0x0000000085a34cf0,0x0000000085a80000)
 Metaspace       used 63227K, committed 64704K, reserved 1114112K
  class space    used 6853K, committed 7488K, reserved 1048576K
}
Event: 342254.552 GC heap before
{Heap before GC invocations=78 (full 3):
 PSYoungGen      total 13824K, used 13662K [0x00000000d5580000, 0x00000000d6400000, 0x0000000100000000)
  eden space 12800K, 100% used [0x00000000d5580000,0x00000000d6200000,0x00000000d6200000)
  from space 1024K, 84% used [0x00000000d6300000,0x00000000d63d79e0,0x00000000d6400000)
  to   space 1024K, 0% used [0x00000000d6200000,0x00000000d6200000,0x00000000d6300000)
 ParOldGen       total 92672K, used 92371K [0x0000000080000000, 0x0000000085a80000, 0x00000000d5580000)
  object space 92672K, 99% used [0x0000000080000000,0x0000000085a34cf0,0x0000000085a80000)
 Metaspace       used 63227K, committed 64704K, reserved 1114112K
  class space    used 6853K, committed 7488K, reserved 1048576K
}
Event: 342254.555 GC heap after
{Heap after GC invocations=78 (full 3):
 PSYoungGen      total 13824K, used 718K [0x00000000d5580000, 0x00000000d6400000, 0x0000000100000000)
  eden space 12800K, 0% used [0x00000000d5580000,0x00000000d5580000,0x00000000d6200000)
  from space 1024K, 70% used [0x00000000d6200000,0x00000000d62b3a70,0x00000000d6300000)
  to   space 1024K, 0% used [0x00000000d6300000,0x00000000d6300000,0x00000000d6400000)
 ParOldGen       total 94208K, used 93843K [0x0000000080000000, 0x0000000085c00000, 0x00000000d5580000)
  object space 94208K, 99% used [0x0000000080000000,0x0000000085ba4c18,0x0000000085c00000)
 Metaspace       used 63227K, committed 64704K, reserved 1114112K
  class space    used 6853K, committed 7488K, reserved 1048576K
}
Event: 342256.968 GC heap before
{Heap before GC invocations=79 (full 3):
 PSYoungGen      total 13824K, used 13518K [0x00000000d5580000, 0x00000000d6400000, 0x0000000100000000)
  eden space 12800K, 100% used [0x00000000d5580000,0x00000000d6200000,0x00000000d6200000)
  from space 1024K, 70% used [0x00000000d6200000,0x00000000d62b3a70,0x00000000d6300000)
  to   space 1024K, 0% used [0x00000000d6300000,0x00000000d6300000,0x00000000d6400000)
 ParOldGen       total 94208K, used 93843K [0x0000000080000000, 0x0000000085c00000, 0x00000000d5580000)
  object space 94208K, 99% used [0x0000000080000000,0x0000000085ba4c18,0x0000000085c00000)
 Metaspace       used 63287K, committed 64768K, reserved 1114112K
  class space    used 6858K, committed 7488K, reserved 1048576K
}
Event: 342256.971 GC heap after
{Heap after GC invocations=79 (full 3):
 PSYoungGen      total 13824K, used 952K [0x00000000d5580000, 0x00000000d6400000, 0x0000000100000000)
  eden space 12800K, 0% used [0x00000000d5580000,0x00000000d5580000,0x00000000d6200000)
  from space 1024K, 93% used [0x00000000d6300000,0x00000000d63ee1f0,0x00000000d6400000)
  to   space 1024K, 0% used [0x00000000d6200000,0x00000000d6200000,0x00000000d6300000)
 ParOldGen       total 94720K, used 94453K [0x0000000080000000, 0x0000000085c80000, 0x00000000d5580000)
  object space 94720K, 99% used [0x0000000080000000,0x0000000085c3d590,0x0000000085c80000)
 Metaspace       used 63287K, committed 64768K, reserved 1114112K
  class space    used 6858K, committed 7488K, reserved 1048576K
}

